<?xml version="1.0" encoding="UTF-8"?>
<testsuite xmlns:xsi="http://www.w3.org/2001/XMLSchema-instance" xsi:noNamespaceSchemaLocation="https://maven.apache.org/surefire/maven-surefire-plugin/xsd/surefire-test-report.xsd" version="3.0.2" name="de.ait.javalessons.consultation.WeatherAppTest" time="0.065" tests="4" errors="0" skipped="0" failures="0">
  <properties>
    <property name="java.specification.version" value="17"/>
    <property name="sun.cpu.isalist" value="amd64"/>
    <property name="sun.jnu.encoding" value="Cp1252"/>
    <property name="java.class.path" value="C:\DEVELOPMENT\workspace\DevelopmentGr42\target\test-classes;C:\DEVELOPMENT\workspace\DevelopmentGr42\target\classes;C:\DEVELOPMENT\mavenRepo\org\springframework\boot\spring-boot-starter\3.4.2\spring-boot-starter-3.4.2.jar;C:\DEVELOPMENT\mavenRepo\org\springframework\boot\spring-boot\3.4.2\spring-boot-3.4.2.jar;C:\DEVELOPMENT\mavenRepo\org\springframework\spring-context\6.2.2\spring-context-6.2.2.jar;C:\DEVELOPMENT\mavenRepo\org\springframework\spring-aop\6.2.2\spring-aop-6.2.2.jar;C:\DEVELOPMENT\mavenRepo\org\springframework\spring-beans\6.2.2\spring-beans-6.2.2.jar;C:\DEVELOPMENT\mavenRepo\org\springframework\spring-expression\6.2.2\spring-expression-6.2.2.jar;C:\DEVELOPMENT\mavenRepo\io\micrometer\micrometer-observation\1.14.3\micrometer-observation-1.14.3.jar;C:\DEVELOPMENT\mavenRepo\io\micrometer\micrometer-commons\1.14.3\micrometer-commons-1.14.3.jar;C:\DEVELOPMENT\mavenRepo\org\springframework\boot\spring-boot-autoconfigure\3.4.2\spring-boot-autoconfigure-3.4.2.jar;C:\DEVELOPMENT\mavenRepo\org\springframework\boot\spring-boot-starter-logging\3.4.2\spring-boot-starter-logging-3.4.2.jar;C:\DEVELOPMENT\mavenRepo\ch\qos\logback\logback-classic\1.5.16\logback-classic-1.5.16.jar;C:\DEVELOPMENT\mavenRepo\ch\qos\logback\logback-core\1.5.16\logback-core-1.5.16.jar;C:\DEVELOPMENT\mavenRepo\org\apache\logging\log4j\log4j-to-slf4j\2.24.3\log4j-to-slf4j-2.24.3.jar;C:\DEVELOPMENT\mavenRepo\org\apache\logging\log4j\log4j-api\2.24.3\log4j-api-2.24.3.jar;C:\DEVELOPMENT\mavenRepo\org\slf4j\jul-to-slf4j\2.0.16\jul-to-slf4j-2.0.16.jar;C:\DEVELOPMENT\mavenRepo\jakarta\annotation\jakarta.annotation-api\2.1.1\jakarta.annotation-api-2.1.1.jar;C:\DEVELOPMENT\mavenRepo\org\springframework\spring-core\6.2.2\spring-core-6.2.2.jar;C:\DEVELOPMENT\mavenRepo\org\springframework\spring-jcl\6.2.2\spring-jcl-6.2.2.jar;C:\DEVELOPMENT\mavenRepo\org\yaml\snakeyaml\2.3\snakeyaml-2.3.jar;C:\DEVELOPMENT\mavenRepo\org\springframework\boot\spring-boot-starter-test\3.4.2\spring-boot-starter-test-3.4.2.jar;C:\DEVELOPMENT\mavenRepo\org\springframework\boot\spring-boot-test\3.4.2\spring-boot-test-3.4.2.jar;C:\DEVELOPMENT\mavenRepo\org\springframework\boot\spring-boot-test-autoconfigure\3.4.2\spring-boot-test-autoconfigure-3.4.2.jar;C:\DEVELOPMENT\mavenRepo\com\jayway\jsonpath\json-path\2.9.0\json-path-2.9.0.jar;C:\DEVELOPMENT\mavenRepo\org\slf4j\slf4j-api\2.0.16\slf4j-api-2.0.16.jar;C:\DEVELOPMENT\mavenRepo\jakarta\xml\bind\jakarta.xml.bind-api\4.0.2\jakarta.xml.bind-api-4.0.2.jar;C:\DEVELOPMENT\mavenRepo\jakarta\activation\jakarta.activation-api\2.1.3\jakarta.activation-api-2.1.3.jar;C:\DEVELOPMENT\mavenRepo\net\minidev\json-smart\2.5.1\json-smart-2.5.1.jar;C:\DEVELOPMENT\mavenRepo\net\minidev\accessors-smart\2.5.1\accessors-smart-2.5.1.jar;C:\DEVELOPMENT\mavenRepo\org\ow2\asm\asm\9.6\asm-9.6.jar;C:\DEVELOPMENT\mavenRepo\org\assertj\assertj-core\3.26.3\assertj-core-3.26.3.jar;C:\DEVELOPMENT\mavenRepo\net\bytebuddy\byte-buddy\1.15.11\byte-buddy-1.15.11.jar;C:\DEVELOPMENT\mavenRepo\org\awaitility\awaitility\4.2.2\awaitility-4.2.2.jar;C:\DEVELOPMENT\mavenRepo\org\hamcrest\hamcrest\2.2\hamcrest-2.2.jar;C:\DEVELOPMENT\mavenRepo\org\junit\jupiter\junit-jupiter\5.11.4\junit-jupiter-5.11.4.jar;C:\DEVELOPMENT\mavenRepo\org\junit\jupiter\junit-jupiter-api\5.11.4\junit-jupiter-api-5.11.4.jar;C:\DEVELOPMENT\mavenRepo\org\opentest4j\opentest4j\1.3.0\opentest4j-1.3.0.jar;C:\DEVELOPMENT\mavenRepo\org\junit\platform\junit-platform-commons\1.11.4\junit-platform-commons-1.11.4.jar;C:\DEVELOPMENT\mavenRepo\org\apiguardian\apiguardian-api\1.1.2\apiguardian-api-1.1.2.jar;C:\DEVELOPMENT\mavenRepo\org\junit\jupiter\junit-jupiter-params\5.11.4\junit-jupiter-params-5.11.4.jar;C:\DEVELOPMENT\mavenRepo\org\junit\jupiter\junit-jupiter-engine\5.11.4\junit-jupiter-engine-5.11.4.jar;C:\DEVELOPMENT\mavenRepo\org\junit\platform\junit-platform-engine\1.11.4\junit-platform-engine-1.11.4.jar;C:\DEVELOPMENT\mavenRepo\org\mockito\mockito-core\5.14.2\mockito-core-5.14.2.jar;C:\DEVELOPMENT\mavenRepo\net\bytebuddy\byte-buddy-agent\1.15.11\byte-buddy-agent-1.15.11.jar;C:\DEVELOPMENT\mavenRepo\org\objenesis\objenesis\3.3\objenesis-3.3.jar;C:\DEVELOPMENT\mavenRepo\org\mockito\mockito-junit-jupiter\5.14.2\mockito-junit-jupiter-5.14.2.jar;C:\DEVELOPMENT\mavenRepo\org\skyscreamer\jsonassert\1.5.3\jsonassert-1.5.3.jar;C:\DEVELOPMENT\mavenRepo\com\vaadin\external\google\android-json\0.0.20131108.vaadin1\android-json-0.0.20131108.vaadin1.jar;C:\DEVELOPMENT\mavenRepo\org\springframework\spring-test\6.2.2\spring-test-6.2.2.jar;C:\DEVELOPMENT\mavenRepo\org\xmlunit\xmlunit-core\2.10.0\xmlunit-core-2.10.0.jar;C:\DEVELOPMENT\mavenRepo\com\github\javafaker\javafaker\1.0.2\javafaker-1.0.2.jar;C:\DEVELOPMENT\mavenRepo\org\apache\commons\commons-lang3\3.17.0\commons-lang3-3.17.0.jar;C:\DEVELOPMENT\mavenRepo\org\yaml\snakeyaml\1.23\snakeyaml-1.23-android.jar;C:\DEVELOPMENT\mavenRepo\com\github\mifmif\generex\1.0.2\generex-1.0.2.jar;C:\DEVELOPMENT\mavenRepo\dk\brics\automaton\automaton\1.11-8\automaton-1.11-8.jar;"/>
    <property name="java.vm.vendor" value="Azul Systems, Inc."/>
    <property name="sun.arch.data.model" value="64"/>
    <property name="user.variant" value=""/>
    <property name="java.vendor.url" value="http://www.azul.com/"/>
    <property name="user.timezone" value="Europe/Berlin"/>
    <property name="os.name" value="Windows 11"/>
    <property name="java.vm.specification.version" value="17"/>
    <property name="sun.java.launcher" value="SUN_STANDARD"/>
    <property name="user.country" value="DE"/>
    <property name="sun.boot.library.path" value="C:\Program Files\Zulu\zulu-17\bin"/>
    <property name="sun.java.command" value="C:\Users\ppufe\AppData\Local\Temp\surefire5091483886652106424\surefirebooter-20250221204948869_3.jar C:\Users\ppufe\AppData\Local\Temp\surefire5091483886652106424 2025-02-21T20-49-48_568-jvmRun1 surefire-20250221204948869_1tmp surefire_0-20250221204948869_2tmp"/>
    <property name="jdk.debug" value="release"/>
    <property name="surefire.test.class.path" value="C:\DEVELOPMENT\workspace\DevelopmentGr42\target\test-classes;C:\DEVELOPMENT\workspace\DevelopmentGr42\target\classes;C:\DEVELOPMENT\mavenRepo\org\springframework\boot\spring-boot-starter\3.4.2\spring-boot-starter-3.4.2.jar;C:\DEVELOPMENT\mavenRepo\org\springframework\boot\spring-boot\3.4.2\spring-boot-3.4.2.jar;C:\DEVELOPMENT\mavenRepo\org\springframework\spring-context\6.2.2\spring-context-6.2.2.jar;C:\DEVELOPMENT\mavenRepo\org\springframework\spring-aop\6.2.2\spring-aop-6.2.2.jar;C:\DEVELOPMENT\mavenRepo\org\springframework\spring-beans\6.2.2\spring-beans-6.2.2.jar;C:\DEVELOPMENT\mavenRepo\org\springframework\spring-expression\6.2.2\spring-expression-6.2.2.jar;C:\DEVELOPMENT\mavenRepo\io\micrometer\micrometer-observation\1.14.3\micrometer-observation-1.14.3.jar;C:\DEVELOPMENT\mavenRepo\io\micrometer\micrometer-commons\1.14.3\micrometer-commons-1.14.3.jar;C:\DEVELOPMENT\mavenRepo\org\springframework\boot\spring-boot-autoconfigure\3.4.2\spring-boot-autoconfigure-3.4.2.jar;C:\DEVELOPMENT\mavenRepo\org\springframework\boot\spring-boot-starter-logging\3.4.2\spring-boot-starter-logging-3.4.2.jar;C:\DEVELOPMENT\mavenRepo\ch\qos\logback\logback-classic\1.5.16\logback-classic-1.5.16.jar;C:\DEVELOPMENT\mavenRepo\ch\qos\logback\logback-core\1.5.16\logback-core-1.5.16.jar;C:\DEVELOPMENT\mavenRepo\org\apache\logging\log4j\log4j-to-slf4j\2.24.3\log4j-to-slf4j-2.24.3.jar;C:\DEVELOPMENT\mavenRepo\org\apache\logging\log4j\log4j-api\2.24.3\log4j-api-2.24.3.jar;C:\DEVELOPMENT\mavenRepo\org\slf4j\jul-to-slf4j\2.0.16\jul-to-slf4j-2.0.16.jar;C:\DEVELOPMENT\mavenRepo\jakarta\annotation\jakarta.annotation-api\2.1.1\jakarta.annotation-api-2.1.1.jar;C:\DEVELOPMENT\mavenRepo\org\springframework\spring-core\6.2.2\spring-core-6.2.2.jar;C:\DEVELOPMENT\mavenRepo\org\springframework\spring-jcl\6.2.2\spring-jcl-6.2.2.jar;C:\DEVELOPMENT\mavenRepo\org\yaml\snakeyaml\2.3\snakeyaml-2.3.jar;C:\DEVELOPMENT\mavenRepo\org\springframework\boot\spring-boot-starter-test\3.4.2\spring-boot-starter-test-3.4.2.jar;C:\DEVELOPMENT\mavenRepo\org\springframework\boot\spring-boot-test\3.4.2\spring-boot-test-3.4.2.jar;C:\DEVELOPMENT\mavenRepo\org\springframework\boot\spring-boot-test-autoconfigure\3.4.2\spring-boot-test-autoconfigure-3.4.2.jar;C:\DEVELOPMENT\mavenRepo\com\jayway\jsonpath\json-path\2.9.0\json-path-2.9.0.jar;C:\DEVELOPMENT\mavenRepo\org\slf4j\slf4j-api\2.0.16\slf4j-api-2.0.16.jar;C:\DEVELOPMENT\mavenRepo\jakarta\xml\bind\jakarta.xml.bind-api\4.0.2\jakarta.xml.bind-api-4.0.2.jar;C:\DEVELOPMENT\mavenRepo\jakarta\activation\jakarta.activation-api\2.1.3\jakarta.activation-api-2.1.3.jar;C:\DEVELOPMENT\mavenRepo\net\minidev\json-smart\2.5.1\json-smart-2.5.1.jar;C:\DEVELOPMENT\mavenRepo\net\minidev\accessors-smart\2.5.1\accessors-smart-2.5.1.jar;C:\DEVELOPMENT\mavenRepo\org\ow2\asm\asm\9.6\asm-9.6.jar;C:\DEVELOPMENT\mavenRepo\org\assertj\assertj-core\3.26.3\assertj-core-3.26.3.jar;C:\DEVELOPMENT\mavenRepo\net\bytebuddy\byte-buddy\1.15.11\byte-buddy-1.15.11.jar;C:\DEVELOPMENT\mavenRepo\org\awaitility\awaitility\4.2.2\awaitility-4.2.2.jar;C:\DEVELOPMENT\mavenRepo\org\hamcrest\hamcrest\2.2\hamcrest-2.2.jar;C:\DEVELOPMENT\mavenRepo\org\junit\jupiter\junit-jupiter\5.11.4\junit-jupiter-5.11.4.jar;C:\DEVELOPMENT\mavenRepo\org\junit\jupiter\junit-jupiter-api\5.11.4\junit-jupiter-api-5.11.4.jar;C:\DEVELOPMENT\mavenRepo\org\opentest4j\opentest4j\1.3.0\opentest4j-1.3.0.jar;C:\DEVELOPMENT\mavenRepo\org\junit\platform\junit-platform-commons\1.11.4\junit-platform-commons-1.11.4.jar;C:\DEVELOPMENT\mavenRepo\org\apiguardian\apiguardian-api\1.1.2\apiguardian-api-1.1.2.jar;C:\DEVELOPMENT\mavenRepo\org\junit\jupiter\junit-jupiter-params\5.11.4\junit-jupiter-params-5.11.4.jar;C:\DEVELOPMENT\mavenRepo\org\junit\jupiter\junit-jupiter-engine\5.11.4\junit-jupiter-engine-5.11.4.jar;C:\DEVELOPMENT\mavenRepo\org\junit\platform\junit-platform-engine\1.11.4\junit-platform-engine-1.11.4.jar;C:\DEVELOPMENT\mavenRepo\org\mockito\mockito-core\5.14.2\mockito-core-5.14.2.jar;C:\DEVELOPMENT\mavenRepo\net\bytebuddy\byte-buddy-agent\1.15.11\byte-buddy-agent-1.15.11.jar;C:\DEVELOPMENT\mavenRepo\org\objenesis\objenesis\3.3\objenesis-3.3.jar;C:\DEVELOPMENT\mavenRepo\org\mockito\mockito-junit-jupiter\5.14.2\mockito-junit-jupiter-5.14.2.jar;C:\DEVELOPMENT\mavenRepo\org\skyscreamer\jsonassert\1.5.3\jsonassert-1.5.3.jar;C:\DEVELOPMENT\mavenRepo\com\vaadin\external\google\android-json\0.0.20131108.vaadin1\android-json-0.0.20131108.vaadin1.jar;C:\DEVELOPMENT\mavenRepo\org\springframework\spring-test\6.2.2\spring-test-6.2.2.jar;C:\DEVELOPMENT\mavenRepo\org\xmlunit\xmlunit-core\2.10.0\xmlunit-core-2.10.0.jar;C:\DEVELOPMENT\mavenRepo\com\github\javafaker\javafaker\1.0.2\javafaker-1.0.2.jar;C:\DEVELOPMENT\mavenRepo\org\apache\commons\commons-lang3\3.17.0\commons-lang3-3.17.0.jar;C:\DEVELOPMENT\mavenRepo\org\yaml\snakeyaml\1.23\snakeyaml-1.23-android.jar;C:\DEVELOPMENT\mavenRepo\com\github\mifmif\generex\1.0.2\generex-1.0.2.jar;C:\DEVELOPMENT\mavenRepo\dk\brics\automaton\automaton\1.11-8\automaton-1.11-8.jar;"/>
    <property name="sun.cpu.endian" value="little"/>
    <property name="user.home" value="C:\Users\ppufe"/>
    <property name="user.language" value="de"/>
    <property name="java.specification.vendor" value="Oracle Corporation"/>
    <property name="java.version.date" value="2025-01-21"/>
    <property name="java.home" value="C:\Program Files\Zulu\zulu-17"/>
    <property name="file.separator" value="\"/>
    <property name="basedir" value="C:\DEVELOPMENT\workspace\DevelopmentGr42"/>
    <property name="java.vm.compressedOopsMode" value="Zero based"/>
    <property name="line.separator" value="&#10;"/>
    <property name="java.vm.specification.vendor" value="Oracle Corporation"/>
    <property name="java.specification.name" value="Java Platform API Specification"/>
    <property name="surefire.real.class.path" value="C:\Users\ppufe\AppData\Local\Temp\surefire5091483886652106424\surefirebooter-20250221204948869_3.jar"/>
    <property name="user.script" value=""/>
    <property name="sun.management.compiler" value="HotSpot 64-Bit Tiered Compilers"/>
    <property name="java.runtime.version" value="17.0.14+7-LTS"/>
    <property name="user.name" value="ppufe"/>
    <property name="path.separator" value=";"/>
    <property name="os.version" value="10.0"/>
    <property name="java.runtime.name" value="OpenJDK Runtime Environment"/>
    <property name="file.encoding" value="Cp1252"/>
    <property name="java.vm.name" value="OpenJDK 64-Bit Server VM"/>
    <property name="java.vendor.version" value="Zulu17.56+15-CA"/>
    <property name="localRepository" value="C:\DEVELOPMENT\mavenRepo"/>
    <property name="java.vendor.url.bug" value="http://www.azul.com/support/"/>
    <property name="java.io.tmpdir" value="C:\Users\ppufe\AppData\Local\Temp\"/>
    <property name="idea.version" value="2024.3.3"/>
    <property name="java.version" value="17.0.14"/>
    <property name="user.dir" value="C:\DEVELOPMENT\workspace\DevelopmentGr42"/>
    <property name="os.arch" value="amd64"/>
    <property name="java.vm.specification.name" value="Java Virtual Machine Specification"/>
    <property name="sun.os.patch.level" value=""/>
    <property name="native.encoding" value="Cp1252"/>
    <property name="java.library.path" value="C:\Program Files\Zulu\zulu-17\bin;C:\WINDOWS\Sun\Java\bin;C:\WINDOWS\system32;C:\WINDOWS;C:\Program Files\Zulu\zulu-17\bin\;C:\DEVELOPMENT\devtools\apache-maven\apache-maven-3.9.9\bin;C:\DEVELOPMENT\devtools\apache-maven\apache-maven-3.9.9\bin;C:\WINDOWS;C:\WINDOWS\System32\Wbem;C:\WINDOWS\System32\WindowsPowerShell\v1.0\;C:\WINDOWS\System32\OpenSSH\;C:\Program Files\Git\cmd;C:\Program Files\Docker\Docker\resources\bin;C:\Program Files\nodejs\;C:\Users\ppufe\AppData\Local\Microsoft\WindowsApps;C:\Users\ppufe\AppData\Local\Programs\Microsoft VS Code\bin;C:\Users\ppufe\AppData\Roaming\npm;."/>
    <property name="java.vm.info" value="mixed mode, sharing"/>
    <property name="java.vendor" value="Azul Systems, Inc."/>
    <property name="java.vm.version" value="17.0.14+7-LTS"/>
    <property name="java.specification.maintenance.version" value="1"/>
    <property name="sun.io.unicode.encoding" value="UnicodeLittle"/>
    <property name="maven.repo.local" value="C:\DEVELOPMENT\mavenRepo"/>
    <property name="java.class.version" value="61.0"/>
  </properties>
  <testcase name="testFindByTemperatureMoreTempNotSuccess" classname="de.ait.javalessons.consultation.WeatherAppTest" time="0.025"/>
  <testcase name="testFilterByTemperatureTwoWasFound" classname="de.ait.javalessons.consultation.WeatherAppTest" time="0.006"/>
  <testcase name="testFindByTemperatureMoreTempSuccess" classname="de.ait.javalessons.consultation.WeatherAppTest" time="0.001"/>
  <testcase name="testFilterByTemperatureWasNotFound" classname="de.ait.javalessons.consultation.WeatherAppTest" time="0.002"/>
</testsuite>